14:35:39 INFO g.u.w.g.u.ConfigLoader: Found config file gcmrc.config.file at logical path '/datausgs/projects/gdaws-aq-sync/config/gcmrc-sync-config.properties' (expands to '/datausgs/projects/gdaws-aq-sync/config/gcmrc-sync-config.properties')
14:35:39 INFO g.u.w.g.GdawsSynchronizer: Arguments valid, proceeding with processing
14:35:39 INFO g.u.w.g.GdawsSynchronizer: Starting AQ to GDAWS Sync
14:35:39 INFO g.u.c.c.DynamicReadOnlyProperties: Could not find 'java:'.  Need to specify class name in environment or system property, or as an applet parameter, or in an application resource file:  java.naming.factory.initial
14:35:39 INFO g.u.c.c.DynamicReadOnlyProperties: Could not find 'java:/comp/env'.  Need to specify class name in environment or system property, or as an applet parameter, or in an application resource file:  java.naming.factory.initial
14:35:41 DEBUG g.u.w.g.d.SiteConfigurationLoader: Loading site configuration
14:35:57 DEBUG g.u.w.g.d.TimeSeriesTranslationLoader: Loading AQ -> GDAWS Approval Mapping
14:49:22 INFO g.u.w.g.u.ConfigLoader: Found config file gcmrc.config.file at logical path '/datausgs/projects/gdaws-aq-sync/config/gcmrc-sync-config.properties' (expands to '/datausgs/projects/gdaws-aq-sync/config/gcmrc-sync-config.properties')
14:49:22 INFO g.u.w.g.GdawsSynchronizer: Arguments valid, proceeding with processing
14:49:22 INFO g.u.w.g.GdawsSynchronizer: Starting AQ to GDAWS Sync
14:49:22 INFO g.u.c.c.DynamicReadOnlyProperties: Could not find 'java:'.  Need to specify class name in environment or system property, or as an applet parameter, or in an application resource file:  java.naming.factory.initial
14:49:22 INFO g.u.c.c.DynamicReadOnlyProperties: Could not find 'java:/comp/env'.  Need to specify class name in environment or system property, or as an applet parameter, or in an application resource file:  java.naming.factory.initial
14:49:23 DEBUG g.u.w.g.d.SiteConfigurationLoader: Loading site configuration
14:49:35 DEBUG g.u.w.g.s.AqToGdaws: Pulling data for site 9251000, parameter 00065 for the date range starting 2016-10-10T14:49:35-05:00 to 2016-11-09T14:49:35-06:00
15:04:33 INFO g.u.w.g.u.ConfigLoader: Found config file gcmrc.config.file at logical path '/datausgs/projects/gdaws-aq-sync/config/gcmrc-sync-config.properties' (expands to '/datausgs/projects/gdaws-aq-sync/config/gcmrc-sync-config.properties')
15:04:33 INFO g.u.w.g.GdawsSynchronizer: Arguments valid, proceeding with processing
15:04:33 INFO g.u.w.g.GdawsSynchronizer: Starting AQ to GDAWS Sync
15:04:33 INFO g.u.c.c.DynamicReadOnlyProperties: Could not find 'java:'.  Need to specify class name in environment or system property, or as an applet parameter, or in an application resource file:  java.naming.factory.initial
15:04:33 INFO g.u.c.c.DynamicReadOnlyProperties: Could not find 'java:/comp/env'.  Need to specify class name in environment or system property, or as an applet parameter, or in an application resource file:  java.naming.factory.initial
15:04:35 DEBUG g.u.w.g.d.SiteConfigurationLoader: Loading site configuration
15:04:47 DEBUG g.u.w.g.s.AqToGdaws: Pulling data for site 9251000, parameter 00065 for the date range starting 2016-10-10T15:04:47-05:00 to 2016-11-09T15:04:47-06:00
15:05:41 DEBUG g.u.w.g.d.SiteConfigurationLoader: Updating new data pull timestamps for site GCMRC Site Id 9251000 for GCMRC Param 5 (PCode: 00065) to start: 2016-10-10T15:04:47-05:00[America/Chicago]  end: 2016-11-09T15:04:47-06:00[America/Chicago]
15:05:50 DEBUG g.u.w.g.d.SiteConfigurationLoader: Completed updating new data pull timestamps for site GCMRC Site Id 9251000 for GCMRC Param 5 (PCode: 00065) to start: 2016-10-10T15:04:47-05:00[America/Chicago]  end: 2016-11-09T15:04:47-06:00[America/Chicago]
15:05:50 INFO g.u.w.g.GdawsSynchronizer: Finished AQ to GDAWS Sync
15:13:52 INFO g.u.w.g.u.ConfigLoader: Found config file gcmrc.config.file at logical path '/datausgs/projects/gdaws-aq-sync/config/gcmrc-sync-config.properties' (expands to '/datausgs/projects/gdaws-aq-sync/config/gcmrc-sync-config.properties')
15:13:52 INFO g.u.w.g.GdawsSynchronizer: Argument "--skipBeloadCalculations" is not supported. See --help for more information.
15:14:39 INFO g.u.w.g.u.ConfigLoader: Found config file gcmrc.config.file at logical path '/datausgs/projects/gdaws-aq-sync/config/gcmrc-sync-config.properties' (expands to '/datausgs/projects/gdaws-aq-sync/config/gcmrc-sync-config.properties')
15:16:36 INFO g.u.w.g.GdawsSynchronizer: Argument "--skipBeloadCalculations" is not supported. See --help for more information.
15:17:10 INFO g.u.w.g.u.ConfigLoader: Found config file gcmrc.config.file at logical path '/datausgs/projects/gdaws-aq-sync/config/gcmrc-sync-config.properties' (expands to '/datausgs/projects/gdaws-aq-sync/config/gcmrc-sync-config.properties')
15:17:10 INFO g.u.w.g.GdawsSynchronizer: Arguments valid, proceeding with processing
15:17:10 INFO g.u.w.g.GdawsSynchronizer: Starting AQ to GDAWS Sync
15:17:10 INFO g.u.c.c.DynamicReadOnlyProperties: Could not find 'java:'.  Need to specify class name in environment or system property, or as an applet parameter, or in an application resource file:  java.naming.factory.initial
15:17:10 INFO g.u.c.c.DynamicReadOnlyProperties: Could not find 'java:/comp/env'.  Need to specify class name in environment or system property, or as an applet parameter, or in an application resource file:  java.naming.factory.initial
15:17:12 DEBUG g.u.w.g.d.SiteConfigurationLoader: Loading site configuration
15:17:14 DEBUG g.u.w.g.s.AqToGdaws: Pulling data for site 9251000, parameter 00065 for the date range starting 2016-10-10T15:17:14-05:00 to 2016-11-09T15:17:14-06:00
15:17:57 DEBUG g.u.w.g.d.SiteConfigurationLoader: Updating new data pull timestamps for site GCMRC Site Id 9251000 for GCMRC Param 5 (PCode: 00065) to start: 2016-10-10T15:17:14-05:00[America/Chicago]  end: 2016-11-09T15:17:14-06:00[America/Chicago]
15:18:13 DEBUG g.u.w.g.d.SiteConfigurationLoader: Completed updating new data pull timestamps for site GCMRC Site Id 9251000 for GCMRC Param 5 (PCode: 00065) to start: 2016-10-10T15:17:14-05:00[America/Chicago]  end: 2016-11-09T15:17:14-06:00[America/Chicago]
15:18:13 INFO g.u.w.g.GdawsSynchronizer: Finished AQ to GDAWS Sync
15:18:17 INFO g.u.w.g.GdawsSynchronizer: Skipping Bedload Calculations
15:41:37 INFO g.u.w.g.u.ConfigLoader: Found config file gcmrc.config.file at logical path '/datausgs/projects/gdaws-aq-sync/config/gcmrc-sync-config.properties' (expands to '/datausgs/projects/gdaws-aq-sync/config/gcmrc-sync-config.properties')
15:41:37 INFO g.u.w.g.GdawsSynchronizer: Arguments valid, proceeding with processing
15:41:37 INFO g.u.w.g.GdawsSynchronizer: Starting AQ to GDAWS Sync
15:41:37 INFO g.u.c.c.DynamicReadOnlyProperties: Could not find 'java:'.  Need to specify class name in environment or system property, or as an applet parameter, or in an application resource file:  java.naming.factory.initial
15:41:37 INFO g.u.c.c.DynamicReadOnlyProperties: Could not find 'java:/comp/env'.  Need to specify class name in environment or system property, or as an applet parameter, or in an application resource file:  java.naming.factory.initial
15:41:40 DEBUG g.u.w.g.d.SiteConfigurationLoader: Loading site configuration
15:41:42 DEBUG g.u.w.g.s.AqToGdaws: Pulling data for site 9251000, parameter 00065 for the date range starting 2016-10-10T15:41:42-05:00 to 2016-11-09T15:41:42-06:00
15:41:57 DEBUG g.u.w.g.d.SiteConfigurationLoader: Updating new data pull timestamps for site GCMRC Site Id 9251000 for GCMRC Param 5 (PCode: 00065) to start: 2016-10-10T15:41:42-05:00[America/Chicago]  end: 2016-11-09T15:41:42-06:00[America/Chicago]
15:41:58 DEBUG g.u.w.g.d.SiteConfigurationLoader: Completed updating new data pull timestamps for site GCMRC Site Id 9251000 for GCMRC Param 5 (PCode: 00065) to start: 2016-10-10T15:41:42-05:00[America/Chicago]  end: 2016-11-09T15:41:42-06:00[America/Chicago]
15:41:58 INFO g.u.w.g.GdawsSynchronizer: Finished AQ to GDAWS Sync
15:42:00 INFO g.u.w.g.GdawsSynchronizer: Skipping Bedload Calculations
15:42:24 INFO g.u.w.g.u.ConfigLoader: Found config file gcmrc.config.file at logical path '/datausgs/projects/gdaws-aq-sync/config/gcmrc-sync-config.properties' (expands to '/datausgs/projects/gdaws-aq-sync/config/gcmrc-sync-config.properties')
15:42:24 INFO g.u.w.g.GdawsSynchronizer: Arguments valid, proceeding with processing
15:42:24 INFO g.u.w.g.GdawsSynchronizer: Starting AQ to GDAWS Sync
15:42:24 INFO g.u.c.c.DynamicReadOnlyProperties: Could not find 'java:'.  Need to specify class name in environment or system property, or as an applet parameter, or in an application resource file:  java.naming.factory.initial
15:42:24 INFO g.u.c.c.DynamicReadOnlyProperties: Could not find 'java:/comp/env'.  Need to specify class name in environment or system property, or as an applet parameter, or in an application resource file:  java.naming.factory.initial
15:42:26 DEBUG g.u.w.g.d.SiteConfigurationLoader: Loading site configuration
15:42:27 DEBUG g.u.w.g.s.AqToGdaws: Pulling data for site 9251000, parameter 00065 for the date range starting 2016-10-10T15:42:27-05:00 to 2016-11-09T15:42:27-06:00
15:42:31 TRACE g.u.w.g.s.AqToGdaws: Retrieved 21705b8e5c7a49f6be3aeb86923ea374 From Aquarius, which contains 1463 points
15:42:31 TRACE g.u.w.g.s.AqToGdaws: First point: 2016-10-10T15:45:00-06:00 235
15:42:42 DEBUG g.u.w.g.d.SiteConfigurationLoader: Updating new data pull timestamps for site GCMRC Site Id 9251000 for GCMRC Param 5 (PCode: 00065) to start: 2016-10-10T15:42:27-05:00[America/Chicago]  end: 2016-11-09T15:42:27-06:00[America/Chicago]
15:42:44 DEBUG g.u.w.g.d.SiteConfigurationLoader: Completed updating new data pull timestamps for site GCMRC Site Id 9251000 for GCMRC Param 5 (PCode: 00065) to start: 2016-10-10T15:42:27-05:00[America/Chicago]  end: 2016-11-09T15:42:27-06:00[America/Chicago]
15:42:44 INFO g.u.w.g.GdawsSynchronizer: Finished AQ to GDAWS Sync
15:42:45 INFO g.u.w.g.GdawsSynchronizer: Skipping Bedload Calculations
16:07:04 INFO g.u.w.g.u.ConfigLoader: Found config file gcmrc.config.file at logical path '/datausgs/projects/gdaws-aq-sync/config/gcmrc-sync-config.properties' (expands to '/datausgs/projects/gdaws-aq-sync/config/gcmrc-sync-config.properties')
16:07:04 INFO g.u.w.g.GdawsSynchronizer: Arguments valid, proceeding with processing
16:07:04 INFO g.u.w.g.GdawsSynchronizer: Starting AQ to GDAWS Sync
16:07:04 INFO g.u.c.c.DynamicReadOnlyProperties: Could not find 'java:'.  Need to specify class name in environment or system property, or as an applet parameter, or in an application resource file:  java.naming.factory.initial
16:07:04 INFO g.u.c.c.DynamicReadOnlyProperties: Could not find 'java:/comp/env'.  Need to specify class name in environment or system property, or as an applet parameter, or in an application resource file:  java.naming.factory.initial
16:07:06 DEBUG g.u.w.g.d.SiteConfigurationLoader: Loading site configuration
16:07:09 DEBUG g.u.w.g.s.AqToGdaws: Pulling data for site 9251000, parameter 00065 for the date range starting 2016-11-08T08:00:00-06:00 to 2016-11-09T08:00:00-06:00
16:07:12 TRACE g.u.w.g.s.AqToGdaws: Retrieved 21705b8e5c7a49f6be3aeb86923ea374 From Aquarius, which contains 0 points
16:07:28 DEBUG g.u.w.g.d.SiteConfigurationLoader: Updating new data pull timestamps for site GCMRC Site Id 9251000 for GCMRC Param 5 (PCode: 00065) to start: 2016-11-08T08:00-06:00[America/Chicago]  end: 2016-11-09T08:00-06:00[America/Chicago]
16:07:41 DEBUG g.u.w.g.d.SiteConfigurationLoader: Completed updating new data pull timestamps for site GCMRC Site Id 9251000 for GCMRC Param 5 (PCode: 00065) to start: 2016-11-08T08:00-06:00[America/Chicago]  end: 2016-11-09T08:00-06:00[America/Chicago]
16:07:41 INFO g.u.w.g.GdawsSynchronizer: Finished AQ to GDAWS Sync
16:07:47 INFO g.u.w.g.GdawsSynchronizer: Skipping Bedload Calculations
